<?xml version="1.0" encoding="UTF-8"?>
<!-- Generated by org.testng.reporters.JUnitReportReporter -->
<testsuite hostname="FFE-Asha-R" failures="0" tests="3" name="practiseTest.GetProductInfoAmazontest" time="37.577" errors="0" timestamp="2024-05-17T15:06:43 IST" skipped="0">
  <testcase classname="practiseTest.GetProductInfoAmazontest" name="getProductInfo" time="11.003"/>
  <system-out/>
  <testcase classname="practiseTest.GetProductInfoAmazontest" name="getProductInfo" time="14.627"/>
  <system-out/>
  <testcase classname="practiseTest.GetProductInfoAmazontest" name="getProductInfo" time="11.947"/>
  <system-out/>
</testsuite> <!-- practiseTest.GetProductInfoAmazontest -->
