<?xml version="1.0" encoding="UTF-8"?>
<!-- Generated by org.testng.reporters.JUnitReportReporter -->
<testsuite hostname="FFE-Asha-R" failures="0" tests="1" name="com.crm.orgTest.CreateOrgTestUsing_baseclass" time="15.139" errors="0" timestamp="2024-05-18T11:06:33 IST" skipped="0">
  <testcase classname="com.crm.orgTest.CreateOrgTestUsing_baseclass" name="CreateOrGBaseClass" time="15.139"/>
  <system-out/>
</testsuite> <!-- com.crm.orgTest.CreateOrgTestUsing_baseclass -->
