<?xml version="1.0" encoding="UTF-8"?>
<!-- Generated by org.testng.reporters.JUnitReportReporter -->
<testsuite hostname="FFE-Subham-Vishwakarma" failures="0" tests="2" name="com.crm.contactTest.CreateContactTest_BaseClass" time="81.794" errors="0" timestamp="2024-06-19T21:59:53 IST" skipped="0">
  <testcase classname="com.crm.contactTest.CreateContactTest_BaseClass" name="CreateOrGBaseClass" time="40.774"/>
  <system-out/>
  <testcase classname="com.crm.contactTest.CreateContactTest_BaseClass" name="CreateOrGBaseClass" time="41.020"/>
  <system-out/>
</testsuite> <!-- com.crm.contactTest.CreateContactTest_BaseClass -->
