<?xml version="1.0" encoding="UTF-8"?>
<!-- Generated by org.testng.reporters.JUnitReportReporter -->
<testsuite hostname="FFE-Subham-Vishwakarma" failures="0" tests="3" name="com.crm.contactTest.CreateContactwithPhoneNumber_DP_test" time="0.013" errors="0" timestamp="2024-07-15T00:35:57 IST" skipped="0">
  <testcase classname="com.crm.contactTest.CreateContactwithPhoneNumber_DP_test" name="createContactTest" time="0.010"/>
  <system-out/>
  <testcase classname="com.crm.contactTest.CreateContactwithPhoneNumber_DP_test" name="createContactTest" time="0.001"/>
  <system-out/>
  <testcase classname="com.crm.contactTest.CreateContactwithPhoneNumber_DP_test" name="createContactTest" time="0.002"/>
  <system-out/>
</testsuite> <!-- com.crm.contactTest.CreateContactwithPhoneNumber_DP_test -->
