<?xml version="1.0" encoding="UTF-8"?>
<!-- Generated by org.testng.reporters.JUnitReportReporter -->
<testsuite hostname="FFE-Asha-R" failures="0" tests="1" name="com.crm.orgTest.CreateOrgAndDeleteOrg" time="53.405" errors="0" timestamp="2024-05-16T12:47:03 IST" skipped="0">
  <testcase classname="com.crm.orgTest.CreateOrgAndDeleteOrg" name="CreateAndDeleteOrg" time="53.405"/>
</testsuite> <!-- com.crm.orgTest.CreateOrgAndDeleteOrg -->
