<?xml version="1.0" encoding="UTF-8"?>
<!-- Generated by org.testng.reporters.JUnitReportReporter -->
<testsuite hostname="FFE-Asha-R" failures="0" tests="1" name="practiseTest.SearchContactTest" time="17.906" errors="0" timestamp="2024-05-29T11:08:02 IST" skipped="0">
  <testcase classname="practiseTest.SearchContactTest" name="searchContactTest" time="17.906"/>
  <system-out/>
</testsuite> <!-- practiseTest.SearchContactTest -->
